<?xml version="1.0" encoding="UTF-8"?>
<!-- Generated by org.testng.reporters.JUnitXMLReporter -->
<testsuite ignored="0" hostname="INL-JHD6T73" failures="0" tests="3" name="Command line test" time="10.956" errors="0" timestamp="2024-04-08T17:11:19 IST">
  <testcase classname="Amazon_Test.Testsetup" name="islaunch" time="0.013"/>
  <testcase classname="Amazon_Test.Testsetup" name="searchheadphone" time="7.093"/>
  <testcase classname="Amazon_Test.Testsetup" name="validcolor" time="0.549"/>
</testsuite> <!-- Command line test -->
